<?xml version="1.0" encoding="UTF-8"?>
<testng-results skipped="0" failed="0" ignored="0" total="1" passed="1">
  <reporter-output>
  </reporter-output>
  <suite name="Default suite" duration-ms="176777" started-at="2021-01-06T11:59:47Z" finished-at="2021-01-06T12:02:43Z">
    <groups>
    </groups>
    <test name="Default test" duration-ms="176777" started-at="2021-01-06T11:59:47Z" finished-at="2021-01-06T12:02:43Z">
      <class name="MagentoLogin.MagentoLoginData">
        <test-method status="PASS" signature="LoginToMagenta()[pri:0, instance:MagentoLogin.MagentoLoginData@6a4f787b]" name="LoginToMagenta" duration-ms="176659" started-at="2021-01-06T11:59:47Z" finished-at="2021-01-06T12:02:43Z">
          <reporter-output>
          </reporter-output>
        </test-method> <!-- LoginToMagenta -->
      </class> <!-- MagentoLogin.MagentoLoginData -->
    </test> <!-- Default test -->
  </suite> <!-- Default suite -->
</testng-results>
